<?xml version="1.0" encoding="UTF-8"?>
<testng-results skipped="0" failed="0" ignored="0" total="12" passed="12">
  <reporter-output>
  </reporter-output>
  <suite name="Suite" duration-ms="10315" started-at="2021-07-16T03:36:16Z" finished-at="2021-07-16T03:36:26Z">
    <groups>
    </groups>
    <test name="Test" duration-ms="10315" started-at="2021-07-16T03:36:16Z" finished-at="2021-07-16T03:36:26Z">
      <class name="org.testing.testcases.TC06_PostReq_Req">
        <test-method status="PASS" signature="sixthTestCase()[pri:0, instance:org.testing.testcases.TC06_PostReq_Req@2bbf180e]" name="sixthTestCase" duration-ms="1448" started-at="2021-07-16T09:06:19Z" finished-at="2021-07-16T09:06:20Z">
          <reporter-output>
          </reporter-output>
        </test-method> <!-- sixthTestCase -->
      </class> <!-- org.testing.testcases.TC06_PostReq_Req -->
      <class name="org.testing.testcases.TC01_PostReq">
        <test-method status="PASS" signature="firstTestCase()[pri:0, instance:org.testing.testcases.TC01_PostReq@6dbb137d]" name="firstTestCase" duration-ms="1960" started-at="2021-07-16T09:06:16Z" finished-at="2021-07-16T09:06:18Z">
          <reporter-output>
          </reporter-output>
        </test-method> <!-- firstTestCase -->
      </class> <!-- org.testing.testcases.TC01_PostReq -->
      <class name="org.testing.testcases.TC07_GetReq_Req">
        <test-method status="PASS" signature="seventhTestCase()[pri:0, instance:org.testing.testcases.TC07_GetReq_Req@163e4e87]" name="seventhTestCase" duration-ms="535" started-at="2021-07-16T09:06:20Z" finished-at="2021-07-16T09:06:21Z">
          <reporter-output>
          </reporter-output>
        </test-method> <!-- seventhTestCase -->
      </class> <!-- org.testing.testcases.TC07_GetReq_Req -->
      <class name="org.testing.testcases.TC05_DeleteReq">
        <test-method status="PASS" signature="fifthTestCase()[pri:0, instance:org.testing.testcases.TC05_DeleteReq@d4342c2]" name="fifthTestCase" duration-ms="114" started-at="2021-07-16T09:06:19Z" finished-at="2021-07-16T09:06:19Z">
          <reporter-output>
          </reporter-output>
        </test-method> <!-- fifthTestCase -->
      </class> <!-- org.testing.testcases.TC05_DeleteReq -->
      <class name="org.testing.testcases.TC11_PostTwittOnTwitter">
        <test-method status="PASS" signature="eleventhTestCase()[pri:0, instance:org.testing.testcases.TC11_PostTwittOnTwitter@769e7ee8]" name="eleventhTestCase" duration-ms="1725" started-at="2021-07-16T09:06:23Z" finished-at="2021-07-16T09:06:25Z">
          <reporter-output>
          </reporter-output>
        </test-method> <!-- eleventhTestCase -->
      </class> <!-- org.testing.testcases.TC11_PostTwittOnTwitter -->
      <class name="org.testing.testcases.TC02_GetReq">
        <test-method status="PASS" signature="secondTestCase()[pri:0, instance:org.testing.testcases.TC02_GetReq@2f112965]" name="secondTestCase" duration-ms="289" started-at="2021-07-16T09:06:18Z" finished-at="2021-07-16T09:06:18Z">
          <reporter-output>
          </reporter-output>
        </test-method> <!-- secondTestCase -->
      </class> <!-- org.testing.testcases.TC02_GetReq -->
      <class name="org.testing.testcases.TC12_GetTwittFromTwitter">
        <test-method status="PASS" signature="twelvethTestCase()[pri:0, instance:org.testing.testcases.TC12_GetTwittFromTwitter@5276e6b0]" name="twelvethTestCase" duration-ms="1283" started-at="2021-07-16T09:06:25Z" finished-at="2021-07-16T09:06:26Z">
          <reporter-output>
          </reporter-output>
        </test-method> <!-- twelvethTestCase -->
      </class> <!-- org.testing.testcases.TC12_GetTwittFromTwitter -->
      <class name="org.testing.testcases.TC10_DeleteReq_Req">
        <test-method status="PASS" signature="tenthTestCase()[pri:0, instance:org.testing.testcases.TC10_DeleteReq_Req@12b0404f]" name="tenthTestCase" duration-ms="896" started-at="2021-07-16T09:06:22Z" finished-at="2021-07-16T09:06:23Z">
          <reporter-output>
          </reporter-output>
        </test-method> <!-- tenthTestCase -->
      </class> <!-- org.testing.testcases.TC10_DeleteReq_Req -->
      <class name="org.testing.testcases.TC08_GetAllReq_Req">
        <test-method status="PASS" signature="eightTestCase()[pri:0, instance:org.testing.testcases.TC08_GetAllReq_Req@56de5251]" name="eightTestCase" duration-ms="620" started-at="2021-07-16T09:06:21Z" finished-at="2021-07-16T09:06:21Z">
          <reporter-output>
          </reporter-output>
        </test-method> <!-- eightTestCase -->
      </class> <!-- org.testing.testcases.TC08_GetAllReq_Req -->
      <class name="org.testing.testcases.TC04_PutReq">
        <test-method status="PASS" signature="fourthTestCase()[pri:0, instance:org.testing.testcases.TC04_PutReq@4e91d63f]" name="fourthTestCase" duration-ms="133" started-at="2021-07-16T09:06:18Z" finished-at="2021-07-16T09:06:19Z">
          <reporter-output>
          </reporter-output>
        </test-method> <!-- fourthTestCase -->
      </class> <!-- org.testing.testcases.TC04_PutReq -->
      <class name="org.testing.testcases.TC09_PutReq_req">
        <test-method status="PASS" signature="ninethTestCase()[pri:0, instance:org.testing.testcases.TC09_PutReq_req@419c5f1a]" name="ninethTestCase" duration-ms="1066" started-at="2021-07-16T09:06:21Z" finished-at="2021-07-16T09:06:22Z">
          <reporter-output>
          </reporter-output>
        </test-method> <!-- ninethTestCase -->
      </class> <!-- org.testing.testcases.TC09_PutReq_req -->
      <class name="org.testing.testcases.TC03_GetAllReq">
        <test-method status="PASS" signature="thirdTestCase()[pri:0, instance:org.testing.testcases.TC03_GetAllReq@1a04f701]" name="thirdTestCase" duration-ms="136" started-at="2021-07-16T09:06:18Z" finished-at="2021-07-16T09:06:18Z">
          <reporter-output>
          </reporter-output>
        </test-method> <!-- thirdTestCase -->
      </class> <!-- org.testing.testcases.TC03_GetAllReq -->
    </test> <!-- Test -->
  </suite> <!-- Suite -->
</testng-results>
