<?xml version="1.0" encoding="UTF-8"?>
<!-- Generated by org.testng.reporters.JUnitXMLReporter -->
<testsuite hostname="LAPTOP-1Q2K33P0" ignored="0" name="Test" tests="12" failures="0" timestamp="16 Jul 2021 03:36:26 GMT" time="10.315" errors="0">
  <testcase name="firstTestCase" time="1.96" classname="org.testing.testcases.TC01_PostReq"/>
  <testcase name="secondTestCase" time="0.289" classname="org.testing.testcases.TC02_GetReq"/>
  <testcase name="thirdTestCase" time="0.136" classname="org.testing.testcases.TC03_GetAllReq"/>
  <testcase name="fourthTestCase" time="0.133" classname="org.testing.testcases.TC04_PutReq"/>
  <testcase name="fifthTestCase" time="0.114" classname="org.testing.testcases.TC05_DeleteReq"/>
  <testcase name="sixthTestCase" time="1.448" classname="org.testing.testcases.TC06_PostReq_Req"/>
  <testcase name="seventhTestCase" time="0.535" classname="org.testing.testcases.TC07_GetReq_Req"/>
  <testcase name="eightTestCase" time="0.62" classname="org.testing.testcases.TC08_GetAllReq_Req"/>
  <testcase name="ninethTestCase" time="1.066" classname="org.testing.testcases.TC09_PutReq_req"/>
  <testcase name="tenthTestCase" time="0.896" classname="org.testing.testcases.TC10_DeleteReq_Req"/>
  <testcase name="eleventhTestCase" time="1.725" classname="org.testing.testcases.TC11_PostTwittOnTwitter"/>
  <testcase name="twelvethTestCase" time="1.283" classname="org.testing.testcases.TC12_GetTwittFromTwitter"/>
</testsuite> <!-- Test -->
